{"E:\\Own Projects\\GenAi-Demo\\LMS-Portal-Demo-Project\\backend\\src\\index.js": {"path":"E:\\Own Projects\\GenAi-Demo\\LMS-Portal-Demo-Project\\backend\\src\\index.js","statementMap":{"0":{"start":{"line":1,"column":0},"end":{"line":1,"column":27}},"1":{"start":{"line":2,"column":16},"end":{"line":2,"column":34}},"2":{"start":{"line":3,"column":13},"end":{"line":3,"column":28}},"3":{"start":{"line":4,"column":15},"end":{"line":4,"column":34}},"4":{"start":{"line":6,"column":12},"end":{"line":6,"column":21}},"5":{"start":{"line":7,"column":13},"end":{"line":7,"column":37}},"6":{"start":{"line":10,"column":0},"end":{"line":10,"column":16}},"7":{"start":{"line":11,"column":0},"end":{"line":11,"column":24}},"8":{"start":{"line":12,"column":0},"end":{"line":12,"column":48}},"9":{"start":{"line":15,"column":0},"end":{"line":15,"column":24}},"10":{"start":{"line":18,"column":0},"end":{"line":20,"column":3}},"11":{"start":{"line":19,"column":2},"end":{"line":19,"column":79}},"12":{"start":{"line":23,"column":0},"end":{"line":29,"column":3}},"13":{"start":{"line":24,"column":2},"end":{"line":24,"column":27}},"14":{"start":{"line":25,"column":2},"end":{"line":28,"column":5}},"15":{"start":{"line":32,"column":0},"end":{"line":34,"column":3}},"16":{"start":{"line":33,"column":2},"end":{"line":33,"column":53}},"17":{"start":{"line":36,"column":0},"end":{"line":40,"column":1}},"18":{"start":{"line":37,"column":2},"end":{"line":39,"column":5}},"19":{"start":{"line":38,"column":4},"end":{"line":38,"column":74}},"20":{"start":{"line":42,"column":0},"end":{"line":42,"column":25}}},"fnMap":{"0":{"name":"(anonymous_0)","decl":{"start":{"line":18,"column":19},"end":{"line":18,"column":20}},"loc":{"start":{"line":18,"column":33},"end":{"line":20,"column":1}},"line":18},"1":{"name":"(anonymous_1)","decl":{"start":{"line":23,"column":8},"end":{"line":23,"column":9}},"loc":{"start":{"line":23,"column":33},"end":{"line":29,"column":1}},"line":23},"2":{"name":"(anonymous_2)","decl":{"start":{"line":32,"column":8},"end":{"line":32,"column":9}},"loc":{"start":{"line":32,"column":22},"end":{"line":34,"column":1}},"line":32},"3":{"name":"(anonymous_3)","decl":{"start":{"line":37,"column":19},"end":{"line":37,"column":20}},"loc":{"start":{"line":37,"column":25},"end":{"line":39,"column":3}},"line":37}},"branchMap":{"0":{"loc":{"start":{"line":7,"column":13},"end":{"line":7,"column":37}},"type":"binary-expr","locations":[{"start":{"line":7,"column":13},"end":{"line":7,"column":29}},{"start":{"line":7,"column":33},"end":{"line":7,"column":37}}],"line":7},"1":{"loc":{"start":{"line":27,"column":13},"end":{"line":27,"column":77}},"type":"cond-expr","locations":[{"start":{"line":27,"column":54},"end":{"line":27,"column":65}},{"start":{"line":27,"column":68},"end":{"line":27,"column":77}}],"line":27},"2":{"loc":{"start":{"line":36,"column":0},"end":{"line":40,"column":1}},"type":"if","locations":[{"start":{"line":36,"column":0},"end":{"line":40,"column":1}},{"start":{},"end":{}}],"line":36}},"s":{"0":1,"1":1,"2":1,"3":1,"4":1,"5":1,"6":1,"7":1,"8":1,"9":1,"10":1,"11":0,"12":1,"13":0,"14":0,"15":1,"16":0,"17":1,"18":0,"19":0,"20":1},"f":{"0":0,"1":0,"2":0,"3":0},"b":{"0":[1,1],"1":[0,0],"2":[0,1]},"_coverageSchema":"1a1c01bbd47fc00a2c39e90264f33305004495a9","hash":"3c4cee322ee583bf76d25e9556434ebad243367a"}
,"E:\\Own Projects\\GenAi-Demo\\LMS-Portal-Demo-Project\\backend\\src\\controllers\\authController.js": {"path":"E:\\Own Projects\\GenAi-Demo\\LMS-Portal-Demo-Project\\backend\\src\\controllers\\authController.js","statementMap":{"0":{"start":{"line":2,"column":23},"end":{"line":22,"column":1}},"1":{"start":{"line":5,"column":4},"end":{"line":5,"column":79}},"2":{"start":{"line":10,"column":4},"end":{"line":10,"column":76}},"3":{"start":{"line":15,"column":4},"end":{"line":15,"column":77}},"4":{"start":{"line":20,"column":4},"end":{"line":20,"column":84}},"5":{"start":{"line":24,"column":0},"end":{"line":24,"column":32}}},"fnMap":{"0":{"name":"(anonymous_0)","decl":{"start":{"line":3,"column":12},"end":{"line":3,"column":13}},"loc":{"start":{"line":3,"column":26},"end":{"line":6,"column":3}},"line":3},"1":{"name":"(anonymous_1)","decl":{"start":{"line":8,"column":9},"end":{"line":8,"column":10}},"loc":{"start":{"line":8,"column":23},"end":{"line":11,"column":3}},"line":8},"2":{"name":"(anonymous_2)","decl":{"start":{"line":13,"column":10},"end":{"line":13,"column":11}},"loc":{"start":{"line":13,"column":24},"end":{"line":16,"column":3}},"line":13},"3":{"name":"(anonymous_3)","decl":{"start":{"line":18,"column":16},"end":{"line":18,"column":17}},"loc":{"start":{"line":18,"column":30},"end":{"line":21,"column":3}},"line":18}},"branchMap":{},"s":{"0":1,"1":0,"2":0,"3":0,"4":0,"5":1},"f":{"0":0,"1":0,"2":0,"3":0},"b":{},"_coverageSchema":"1a1c01bbd47fc00a2c39e90264f33305004495a9","hash":"d75612b789d295859418274a0b0a95ea265b2533"}
,"E:\\Own Projects\\GenAi-Demo\\LMS-Portal-Demo-Project\\backend\\src\\controllers\\courseController.js": {"path":"E:\\Own Projects\\GenAi-Demo\\LMS-Portal-Demo-Project\\backend\\src\\controllers\\courseController.js","statementMap":{"0":{"start":{"line":1,"column":11},"end":{"line":1,"column":24}},"1":{"start":{"line":2,"column":13},"end":{"line":2,"column":28}},"2":{"start":{"line":4,"column":26},"end":{"line":4,"column":82}},"3":{"start":{"line":6,"column":26},"end":{"line":13,"column":1}},"4":{"start":{"line":7,"column":2},"end":{"line":9,"column":3}},"5":{"start":{"line":8,"column":4},"end":{"line":8,"column":14}},"6":{"start":{"line":11,"column":15},"end":{"line":11,"column":57}},"7":{"start":{"line":12,"column":2},"end":{"line":12,"column":26}},"8":{"start":{"line":15,"column":27},"end":{"line":17,"column":1}},"9":{"start":{"line":16,"column":2},"end":{"line":16,"column":78}},"10":{"start":{"line":19,"column":25},"end":{"line":70,"column":1}},"11":{"start":{"line":21,"column":4},"end":{"line":28,"column":7}},"12":{"start":{"line":32,"column":4},"end":{"line":32,"column":84}},"13":{"start":{"line":36,"column":4},"end":{"line":36,"column":60}},"14":{"start":{"line":40,"column":4},"end":{"line":40,"column":72}},"15":{"start":{"line":44,"column":4},"end":{"line":44,"column":72}},"16":{"start":{"line":48,"column":52},"end":{"line":48,"column":60}},"17":{"start":{"line":50,"column":4},"end":{"line":52,"column":5}},"18":{"start":{"line":51,"column":6},"end":{"line":51,"column":101}},"19":{"start":{"line":54,"column":26},"end":{"line":54,"column":45}},"20":{"start":{"line":55,"column":25},"end":{"line":63,"column":5}},"21":{"start":{"line":65,"column":4},"end":{"line":65,"column":37}},"22":{"start":{"line":66,"column":4},"end":{"line":66,"column":38}},"23":{"start":{"line":68,"column":4},"end":{"line":68,"column":102}},"24":{"start":{"line":72,"column":0},"end":{"line":72,"column":34}}},"fnMap":{"0":{"name":"(anonymous_0)","decl":{"start":{"line":6,"column":26},"end":{"line":6,"column":27}},"loc":{"start":{"line":6,"column":32},"end":{"line":13,"column":1}},"line":6},"1":{"name":"(anonymous_1)","decl":{"start":{"line":15,"column":27},"end":{"line":15,"column":28}},"loc":{"start":{"line":15,"column":46},"end":{"line":17,"column":1}},"line":15},"2":{"name":"(anonymous_2)","decl":{"start":{"line":20,"column":17},"end":{"line":20,"column":18}},"loc":{"start":{"line":20,"column":31},"end":{"line":29,"column":3}},"line":20},"3":{"name":"(anonymous_3)","decl":{"start":{"line":31,"column":16},"end":{"line":31,"column":17}},"loc":{"start":{"line":31,"column":30},"end":{"line":33,"column":3}},"line":31},"4":{"name":"(anonymous_4)","decl":{"start":{"line":35,"column":17},"end":{"line":35,"column":18}},"loc":{"start":{"line":35,"column":31},"end":{"line":37,"column":3}},"line":35},"5":{"name":"(anonymous_5)","decl":{"start":{"line":39,"column":16},"end":{"line":39,"column":17}},"loc":{"start":{"line":39,"column":30},"end":{"line":41,"column":3}},"line":39},"6":{"name":"(anonymous_6)","decl":{"start":{"line":43,"column":16},"end":{"line":43,"column":17}},"loc":{"start":{"line":43,"column":30},"end":{"line":45,"column":3}},"line":43},"7":{"name":"(anonymous_7)","decl":{"start":{"line":47,"column":17},"end":{"line":47,"column":18}},"loc":{"start":{"line":47,"column":31},"end":{"line":69,"column":3}},"line":47}},"branchMap":{"0":{"loc":{"start":{"line":7,"column":2},"end":{"line":9,"column":3}},"type":"if","locations":[{"start":{"line":7,"column":2},"end":{"line":9,"column":3}},{"start":{},"end":{}}],"line":7},"1":{"loc":{"start":{"line":50,"column":4},"end":{"line":52,"column":5}},"type":"if","locations":[{"start":{"line":50,"column":4},"end":{"line":52,"column":5}},{"start":{},"end":{}}],"line":50},"2":{"loc":{"start":{"line":50,"column":8},"end":{"line":50,"column":44}},"type":"binary-expr","locations":[{"start":{"line":50,"column":8},"end":{"line":50,"column":13}},{"start":{"line":50,"column":17},"end":{"line":50,"column":23}},{"start":{"line":50,"column":27},"end":{"line":50,"column":33}},{"start":{"line":50,"column":37},"end":{"line":50,"column":44}}],"line":50},"3":{"loc":{"start":{"line":61,"column":15},"end":{"line":61,"column":28}},"type":"binary-expr","locations":[{"start":{"line":61,"column":15},"end":{"line":61,"column":22}},{"start":{"line":61,"column":26},"end":{"line":61,"column":28}}],"line":61}},"s":{"0":1,"1":1,"2":1,"3":1,"4":1,"5":0,"6":1,"7":1,"8":1,"9":1,"10":1,"11":0,"12":0,"13":0,"14":0,"15":0,"16":1,"17":1,"18":0,"19":1,"20":1,"21":1,"22":1,"23":1,"24":1},"f":{"0":1,"1":1,"2":0,"3":0,"4":0,"5":0,"6":0,"7":1},"b":{"0":[0,1],"1":[0,1],"2":[1,1,1,1],"3":[1,0]},"_coverageSchema":"1a1c01bbd47fc00a2c39e90264f33305004495a9","hash":"4ceea5736d1e2a2d14462e61dac62bb73f873db9"}
,"E:\\Own Projects\\GenAi-Demo\\LMS-Portal-Demo-Project\\backend\\src\\controllers\\userController.js": {"path":"E:\\Own Projects\\GenAi-Demo\\LMS-Portal-Demo-Project\\backend\\src\\controllers\\userController.js","statementMap":{"0":{"start":{"line":2,"column":23},"end":{"line":22,"column":1}},"1":{"start":{"line":5,"column":4},"end":{"line":5,"column":84}},"2":{"start":{"line":10,"column":4},"end":{"line":10,"column":85}},"3":{"start":{"line":15,"column":4},"end":{"line":15,"column":82}},"4":{"start":{"line":20,"column":4},"end":{"line":20,"column":82}},"5":{"start":{"line":24,"column":0},"end":{"line":24,"column":32}}},"fnMap":{"0":{"name":"(anonymous_0)","decl":{"start":{"line":3,"column":15},"end":{"line":3,"column":16}},"loc":{"start":{"line":3,"column":29},"end":{"line":6,"column":3}},"line":3},"1":{"name":"(anonymous_1)","decl":{"start":{"line":8,"column":15},"end":{"line":8,"column":16}},"loc":{"start":{"line":8,"column":29},"end":{"line":11,"column":3}},"line":8},"2":{"name":"(anonymous_2)","decl":{"start":{"line":13,"column":14},"end":{"line":13,"column":15}},"loc":{"start":{"line":13,"column":28},"end":{"line":16,"column":3}},"line":13},"3":{"name":"(anonymous_3)","decl":{"start":{"line":18,"column":14},"end":{"line":18,"column":15}},"loc":{"start":{"line":18,"column":28},"end":{"line":21,"column":3}},"line":18}},"branchMap":{},"s":{"0":1,"1":0,"2":0,"3":0,"4":0,"5":1},"f":{"0":0,"1":0,"2":0,"3":0},"b":{},"_coverageSchema":"1a1c01bbd47fc00a2c39e90264f33305004495a9","hash":"42ca415b569f0e35e121a9dd96f3916d4e218822"}
,"E:\\Own Projects\\GenAi-Demo\\LMS-Portal-Demo-Project\\backend\\src\\routes\\auth.js": {"path":"E:\\Own Projects\\GenAi-Demo\\LMS-Portal-Demo-Project\\backend\\src\\routes\\auth.js","statementMap":{"0":{"start":{"line":1,"column":16},"end":{"line":1,"column":34}},"1":{"start":{"line":2,"column":23},"end":{"line":2,"column":63}},"2":{"start":{"line":4,"column":15},"end":{"line":4,"column":31}},"3":{"start":{"line":7,"column":0},"end":{"line":7,"column":50}},"4":{"start":{"line":8,"column":0},"end":{"line":8,"column":44}},"5":{"start":{"line":9,"column":0},"end":{"line":9,"column":46}},"6":{"start":{"line":10,"column":0},"end":{"line":10,"column":59}},"7":{"start":{"line":12,"column":0},"end":{"line":12,"column":24}}},"fnMap":{},"branchMap":{},"s":{"0":1,"1":1,"2":1,"3":1,"4":1,"5":1,"6":1,"7":1},"f":{},"b":{},"_coverageSchema":"1a1c01bbd47fc00a2c39e90264f33305004495a9","hash":"9f5eed67a810d059116923048face044b31f2105"}
,"E:\\Own Projects\\GenAi-Demo\\LMS-Portal-Demo-Project\\backend\\src\\routes\\courses.js": {"path":"E:\\Own Projects\\GenAi-Demo\\LMS-Portal-Demo-Project\\backend\\src\\routes\\courses.js","statementMap":{"0":{"start":{"line":1,"column":16},"end":{"line":1,"column":34}},"1":{"start":{"line":2,"column":25},"end":{"line":2,"column":67}},"2":{"start":{"line":4,"column":15},"end":{"line":4,"column":31}},"3":{"start":{"line":7,"column":0},"end":{"line":7,"column":48}},"4":{"start":{"line":8,"column":0},"end":{"line":8,"column":48}},"5":{"start":{"line":9,"column":0},"end":{"line":9,"column":51}},"6":{"start":{"line":10,"column":0},"end":{"line":10,"column":50}},"7":{"start":{"line":11,"column":0},"end":{"line":11,"column":53}},"8":{"start":{"line":12,"column":0},"end":{"line":12,"column":59}},"9":{"start":{"line":14,"column":0},"end":{"line":14,"column":24}}},"fnMap":{},"branchMap":{},"s":{"0":1,"1":1,"2":1,"3":1,"4":1,"5":1,"6":1,"7":1,"8":1,"9":1},"f":{},"b":{},"_coverageSchema":"1a1c01bbd47fc00a2c39e90264f33305004495a9","hash":"7003644d9ab20738b6fe7e77fe19c6ca1a51068f"}
,"E:\\Own Projects\\GenAi-Demo\\LMS-Portal-Demo-Project\\backend\\src\\routes\\index.js": {"path":"E:\\Own Projects\\GenAi-Demo\\LMS-Portal-Demo-Project\\backend\\src\\routes\\index.js","statementMap":{"0":{"start":{"line":1,"column":16},"end":{"line":1,"column":34}},"1":{"start":{"line":2,"column":19},"end":{"line":2,"column":36}},"2":{"start":{"line":3,"column":19},"end":{"line":3,"column":37}},"3":{"start":{"line":4,"column":21},"end":{"line":4,"column":41}},"4":{"start":{"line":6,"column":15},"end":{"line":6,"column":31}},"5":{"start":{"line":9,"column":0},"end":{"line":9,"column":32}},"6":{"start":{"line":10,"column":0},"end":{"line":10,"column":33}},"7":{"start":{"line":11,"column":0},"end":{"line":11,"column":37}},"8":{"start":{"line":14,"column":0},"end":{"line":24,"column":3}},"9":{"start":{"line":15,"column":2},"end":{"line":23,"column":5}},"10":{"start":{"line":26,"column":0},"end":{"line":26,"column":24}}},"fnMap":{"0":{"name":"(anonymous_0)","decl":{"start":{"line":14,"column":16},"end":{"line":14,"column":17}},"loc":{"start":{"line":14,"column":30},"end":{"line":24,"column":1}},"line":14}},"branchMap":{},"s":{"0":1,"1":1,"2":1,"3":1,"4":1,"5":1,"6":1,"7":1,"8":1,"9":0,"10":1},"f":{"0":0},"b":{},"_coverageSchema":"1a1c01bbd47fc00a2c39e90264f33305004495a9","hash":"d84fdea2231d8e7146ebbd5672a5ccb03b4f4194"}
,"E:\\Own Projects\\GenAi-Demo\\LMS-Portal-Demo-Project\\backend\\src\\routes\\users.js": {"path":"E:\\Own Projects\\GenAi-Demo\\LMS-Portal-Demo-Project\\backend\\src\\routes\\users.js","statementMap":{"0":{"start":{"line":1,"column":16},"end":{"line":1,"column":34}},"1":{"start":{"line":2,"column":23},"end":{"line":2,"column":63}},"2":{"start":{"line":4,"column":15},"end":{"line":4,"column":31}},"3":{"start":{"line":7,"column":0},"end":{"line":7,"column":44}},"4":{"start":{"line":8,"column":0},"end":{"line":8,"column":47}},"5":{"start":{"line":9,"column":0},"end":{"line":9,"column":46}},"6":{"start":{"line":10,"column":0},"end":{"line":10,"column":49}},"7":{"start":{"line":12,"column":0},"end":{"line":12,"column":24}}},"fnMap":{},"branchMap":{},"s":{"0":1,"1":1,"2":1,"3":1,"4":1,"5":1,"6":1,"7":1},"f":{},"b":{},"_coverageSchema":"1a1c01bbd47fc00a2c39e90264f33305004495a9","hash":"653fd18ff9d1b51a8b01b1ea12ecb58fcb343d58"}
}
